c:\sayonari\mmdagent_hmi\mmdagent-1.7\plugin_3dmap\release\vc140.pdb
c:\sayonari\mmdagent_hmi\mmdagent-1.7\plugin_3dmap\release\udpsocket.obj
c:\sayonari\mmdagent_hmi\mmdagent-1.7\plugin_3dmap\release\plugin_3dmap.obj
c:\sayonari\mmdagent_hmi\mmdagent-1.7\plugin_3dmap\release\osctypes.obj
c:\sayonari\mmdagent_hmi\mmdagent-1.7\plugin_3dmap\release\oscreceivedelements.obj
c:\sayonari\mmdagent_hmi\mmdagent-1.7\plugin_3dmap\release\oscprintreceivedelements.obj
c:\sayonari\mmdagent_hmi\mmdagent-1.7\plugin_3dmap\release\oscoutboundpacketstream.obj
c:\sayonari\mmdagent_hmi\mmdagent-1.7\plugin_3dmap\release\networkingutils.obj
c:\sayonari\mmdagent_hmi\mmdagent-1.7\plugin_3dmap\release\map_thread.obj
c:\sayonari\mmdagent_hmi\mmdagent-1.7\plugin_3dmap\release\ipendpointname.obj
c:\sayonari\mmdagent_hmi\mmdagent-1.7\release\plugins\plugin_3dmap.dll
c:\sayonari\mmdagent_hmi\mmdagent-1.7\release\plugins\plugin_3dmap.ipdb
c:\sayonari\mmdagent_hmi\mmdagent-1.7\release\plugins\plugin_3dmap.iobj
c:\sayonari\mmdagent_hmi\mmdagent-1.7\release\plugins\plugin_3dmap.pdb
c:\sayonari\mmdagent_hmi\mmdagent-1.7\release\plugins\plugin_3dmap.lib
c:\sayonari\mmdagent_hmi\mmdagent-1.7\release\plugins\plugin_3dmap.exp
c:\sayonari\mmdagent_hmi\mmdagent-1.7\plugin_3dmap\release\plugin_3dmap.tlog\cl.command.1.tlog
c:\sayonari\mmdagent_hmi\mmdagent-1.7\plugin_3dmap\release\plugin_3dmap.tlog\cl.read.1.tlog
c:\sayonari\mmdagent_hmi\mmdagent-1.7\plugin_3dmap\release\plugin_3dmap.tlog\cl.write.1.tlog
c:\sayonari\mmdagent_hmi\mmdagent-1.7\plugin_3dmap\release\plugin_3dmap.tlog\link.command.1.tlog
c:\sayonari\mmdagent_hmi\mmdagent-1.7\plugin_3dmap\release\plugin_3dmap.tlog\link.read.1.tlog
c:\sayonari\mmdagent_hmi\mmdagent-1.7\plugin_3dmap\release\plugin_3dmap.tlog\link.write.1.tlog
c:\sayonari\mmdagent_hmi\mmdagent-1.7\plugin_3dmap\release\plugin_3dmap.tlog\plugin_3dmap.write.1u.tlog
