c:\sayonari\mmdagent_hmi\mmdagent-1.7\plugin_3dmapreceive\release\vc140.pdb
c:\sayonari\mmdagent_hmi\mmdagent-1.7\plugin_3dmapreceive\release\udpsocket.obj
c:\sayonari\mmdagent_hmi\mmdagent-1.7\plugin_3dmapreceive\release\plugin_3dmapreceive.obj
c:\sayonari\mmdagent_hmi\mmdagent-1.7\plugin_3dmapreceive\release\osctypes.obj
c:\sayonari\mmdagent_hmi\mmdagent-1.7\plugin_3dmapreceive\release\oscreceivedelements.obj
c:\sayonari\mmdagent_hmi\mmdagent-1.7\plugin_3dmapreceive\release\oscprintreceivedelements.obj
c:\sayonari\mmdagent_hmi\mmdagent-1.7\plugin_3dmapreceive\release\networkingutils.obj
c:\sayonari\mmdagent_hmi\mmdagent-1.7\plugin_3dmapreceive\release\mapreceive_thread.obj
c:\sayonari\mmdagent_hmi\mmdagent-1.7\release\plugins\plugin_3dmapreceive.dll
c:\sayonari\mmdagent_hmi\mmdagent-1.7\release\plugins\plugin_3dmapreceive.ipdb
c:\sayonari\mmdagent_hmi\mmdagent-1.7\release\plugins\plugin_3dmapreceive.iobj
c:\sayonari\mmdagent_hmi\mmdagent-1.7\release\plugins\plugin_3dmapreceive.pdb
c:\sayonari\mmdagent_hmi\mmdagent-1.7\release\plugins\plugin_3dmapreceive.lib
c:\sayonari\mmdagent_hmi\mmdagent-1.7\release\plugins\plugin_3dmapreceive.exp
c:\sayonari\mmdagent_hmi\mmdagent-1.7\plugin_3dmapreceive\release\plugin_3.8862e402.tlog\cl.command.1.tlog
c:\sayonari\mmdagent_hmi\mmdagent-1.7\plugin_3dmapreceive\release\plugin_3.8862e402.tlog\cl.read.1.tlog
c:\sayonari\mmdagent_hmi\mmdagent-1.7\plugin_3dmapreceive\release\plugin_3.8862e402.tlog\cl.write.1.tlog
c:\sayonari\mmdagent_hmi\mmdagent-1.7\plugin_3dmapreceive\release\plugin_3.8862e402.tlog\link.command.1.tlog
c:\sayonari\mmdagent_hmi\mmdagent-1.7\plugin_3dmapreceive\release\plugin_3.8862e402.tlog\link.read.1.tlog
c:\sayonari\mmdagent_hmi\mmdagent-1.7\plugin_3dmapreceive\release\plugin_3.8862e402.tlog\link.write.1.tlog
c:\sayonari\mmdagent_hmi\mmdagent-1.7\plugin_3dmapreceive\release\plugin_3.8862e402.tlog\plugin_3dmapreceive.write.1u.tlog
